<?xml version="1.0" encoding="UTF-8"?>
<testsuites name="AddToCart" time="28.279" tests="2" failures="0" errors="0">
   <testsuite name="AddToCart" tests="2" failures="0" errors="0" time="28.279" skipped="0" timestamp="2024-09-16 18:34:36" hostname="rasyid - DESKTOP-R622UHT" id="Test Suites/Product_Page_Suites/AddToCart">
      <properties>
         <property name="deviceName" value=""/>
         <property name="devicePlatform" value=""/>
         <property name="logFolder" value="C:\\Users\\rasyid\\Katalon Studio\\SauceDemo\\Reports\\20240916_183426\\Product_Page_Suites\\AddToCart\\20240916_183427"/>
         <property name="logFiles" value="C:\\Users\\rasyid\\Katalon Studio\\SauceDemo\\Reports\\20240916_183426\\Product_Page_Suites\\AddToCart\\20240916_183427\\execution0.log"/>
         <property name="attachments" value="C:\\Users\\rasyid\\Katalon Studio\\SauceDemo\\Reports\\20240916_183426\\Product_Page_Suites\\AddToCart\\20240916_183427\\1726486483959.png, C:\\Users\\rasyid\\Katalon Studio\\SauceDemo\\Reports\\20240916_183426\\Product_Page_Suites\\AddToCart\\20240916_183427\\1726486485298.png, C:\\Users\\rasyid\\Katalon Studio\\SauceDemo\\Reports\\20240916_183426\\Product_Page_Suites\\AddToCart\\20240916_183427\\1726486486632.png, C:\\Users\\rasyid\\Katalon Studio\\SauceDemo\\Reports\\20240916_183426\\Product_Page_Suites\\AddToCart\\20240916_183427\\1726486488333.png, C:\\Users\\rasyid\\Katalon Studio\\SauceDemo\\Reports\\20240916_183426\\Product_Page_Suites\\AddToCart\\20240916_183427\\1726486496093.png, C:\\Users\\rasyid\\Katalon Studio\\SauceDemo\\Reports\\20240916_183426\\Product_Page_Suites\\AddToCart\\20240916_183427\\1726486498264.png, C:\\Users\\rasyid\\Katalon Studio\\SauceDemo\\Reports\\20240916_183426\\Product_Page_Suites\\AddToCart\\20240916_183427\\1726486500500.png, C:\\Users\\rasyid\\Katalon Studio\\SauceDemo\\Reports\\20240916_183426\\Product_Page_Suites\\AddToCart\\20240916_183427\\1726486502726.png"/>
         <property name="hostName" value="rasyid - DESKTOP-R622UHT"/>
         <property name="os" value="Windows 10 64bit"/>
         <property name="katalonVersion" value="8.6.9.208"/>
         <property name="browser" value="Chrome 128.0.0.0"/>
         <property name="hostAddress" value="26.103.121.102"/>
         <property name="sessionId" value="2393bf22ac1d81ed4b761f220a7b7037"/>
         <property name="seleniumVersion" value="3.141.59"/>
         <property name="proxyInformation" value="ProxyInformation { proxyOption=NO_PROXY, proxyServerType=HTTP, username=, password=********, proxyServerAddress=, proxyServerPort=0, executionList=&quot;&quot;, isApplyToDesiredCapabilities=true }"/>
         <property name="platform" value="Windows 10"/>
      </properties>
      <testcase name="Test Cases/Login_Page/Positive_Case/Login" time="13.585" classname="Test Cases/Login_Page/Positive_Case/Login" status="PASSED">
         <system-out><![CDATA[2024-09-16 18:34:36 - [TEST_CASE][PASSED] - Test Cases/Login_Page/Positive_Case/Login: Test Cases/Login_Page/Positive_Case/Login

2024-09-16 18:34:37 - [TEST_STEP][PASSED] - openBrowser(loginUrl): Browser is opened with url: 'https://www.saucedemo.com/'

2024-09-16 18:34:37 - [MESSAGE][INFO] - Starting 'Chrome' driver

2024-09-16 18:34:37 - [MESSAGE][INFO] - Action delay is set to 0 milliseconds

2024-09-16 18:34:41 - [MESSAGE][PASSED] - Browser is opened with url: 'https://www.saucedemo.com/'

2024-09-16 18:34:41 - [TEST_STEP][PASSED] - maximizeWindow(): Current window maximized

2024-09-16 18:34:41 - [MESSAGE][PASSED] - Current window maximized

2024-09-16 18:34:41 - [TEST_STEP][PASSED] - verifyElementVisible(findTestObject("Global_Header/Label_Title")): Object 'Object Repository/Global_Header/Label_Title' is visible

2024-09-16 18:34:42 - [MESSAGE][PASSED] - Object 'Object Repository/Global_Header/Label_Title' is visible

2024-09-16 18:34:42 - [TEST_STEP][PASSED] - verifyElementVisible(findTestObject("Login_Page/TextArea_Username")): Object 'Object Repository/Login_Page/TextArea_Username' is visible

2024-09-16 18:34:43 - [MESSAGE][PASSED] - Object 'Object Repository/Login_Page/TextArea_Username' is visible

2024-09-16 18:34:43 - [TEST_STEP][PASSED] - verifyElementVisible(findTestObject("Login_Page/TextArea_Password")): Object 'Object Repository/Login_Page/TextArea_Password' is visible

2024-09-16 18:34:43 - [MESSAGE][PASSED] - Object 'Object Repository/Login_Page/TextArea_Password' is visible

2024-09-16 18:34:43 - [TEST_STEP][PASSED] - verifyElementVisible(findTestObject("Login_Page/Button_Login")): Object 'Object Repository/Login_Page/Button_Login' is visible

2024-09-16 18:34:43 - [MESSAGE][PASSED] - Object 'Object Repository/Login_Page/Button_Login' is visible

2024-09-16 18:34:43 - [TEST_STEP][PASSED] - takeScreenshot(): Taking screenshot successfully

2024-09-16 18:34:44 - [MESSAGE][PASSED] - Taking screenshot successfully
[[ATTACHMENT|C:\\Users\\rasyid\\Katalon Studio\\SauceDemo\\Reports\\20240916_183426\\Product_Page_Suites\\AddToCart\\20240916_183427\\1726486483959.png]]

2024-09-16 18:34:44 - [TEST_STEP][PASSED] - setText(findTestObject("Login_Page/TextArea_Username"), userName): Text 'standard_user' is set on object 'Object Repository/Login_Page/TextArea_Username'

2024-09-16 18:34:44 - [MESSAGE][PASSED] - Text 'standard_user' is set on object 'Object Repository/Login_Page/TextArea_Username'

2024-09-16 18:34:44 - [TEST_STEP][PASSED] - username = getAttribute(findTestObject("Login_Page/TextArea_Username"), "value"): Attribute 'value' of object 'Object Repository/Login_Page/TextArea_Username' is: 'standard_user'

2024-09-16 18:34:45 - [MESSAGE][PASSED] - Attribute 'value' of object 'Object Repository/Login_Page/TextArea_Username' is: 'standard_user'

2024-09-16 18:34:45 - [TEST_STEP][PASSED] - takeScreenshot(): Taking screenshot successfully

2024-09-16 18:34:45 - [MESSAGE][PASSED] - Taking screenshot successfully
[[ATTACHMENT|C:\\Users\\rasyid\\Katalon Studio\\SauceDemo\\Reports\\20240916_183426\\Product_Page_Suites\\AddToCart\\20240916_183427\\1726486485298.png]]

2024-09-16 18:34:45 - [TEST_STEP][PASSED] - pass = setText(findTestObject("Login_Page/TextArea_Password"), password): Text 'secret_sauce' is set on object 'Object Repository/Login_Page/TextArea_Password'

2024-09-16 18:34:46 - [MESSAGE][PASSED] - Text 'secret_sauce' is set on object 'Object Repository/Login_Page/TextArea_Password'

2024-09-16 18:34:46 - [TEST_STEP][PASSED] - getAttribute(findTestObject("Login_Page/TextArea_Password"), "value"): Attribute 'value' of object 'Object Repository/Login_Page/TextArea_Password' is: 'secret_sauce'

2024-09-16 18:34:46 - [MESSAGE][PASSED] - Attribute 'value' of object 'Object Repository/Login_Page/TextArea_Password' is: 'secret_sauce'

2024-09-16 18:34:46 - [TEST_STEP][PASSED] - takeScreenshot(): Taking screenshot successfully

2024-09-16 18:34:46 - [MESSAGE][PASSED] - Taking screenshot successfully
[[ATTACHMENT|C:\\Users\\rasyid\\Katalon Studio\\SauceDemo\\Reports\\20240916_183426\\Product_Page_Suites\\AddToCart\\20240916_183427\\1726486486632.png]]

2024-09-16 18:34:46 - [TEST_STEP][PASSED] - verifyElementClickable(findTestObject("Login_Page/Button_Login")): Object 'Object Repository/Login_Page/Button_Login' is clickable

2024-09-16 18:34:47 - [MESSAGE][PASSED] - Object 'Object Repository/Login_Page/Button_Login' is clickable

2024-09-16 18:34:47 - [TEST_STEP][PASSED] - click(findTestObject("Login_Page/Button_Login")): Object: 'Object Repository/Login_Page/Button_Login' is clicked on

2024-09-16 18:34:47 - [MESSAGE][PASSED] - Object: 'Object Repository/Login_Page/Button_Login' is clicked on

2024-09-16 18:34:47 - [TEST_STEP][PASSED] - verifyElementVisible(findTestObject("Product_Page/Label_TitleProducts")): Object 'Object Repository/Product_Page/Label_TitleProducts' is visible

2024-09-16 18:34:47 - [MESSAGE][PASSED] - Object 'Object Repository/Product_Page/Label_TitleProducts' is visible

2024-09-16 18:34:47 - [TEST_STEP][PASSED] - takeScreenshot(): Taking screenshot successfully

2024-09-16 18:34:48 - [MESSAGE][PASSED] - Taking screenshot successfully
[[ATTACHMENT|C:\\Users\\rasyid\\Katalon Studio\\SauceDemo\\Reports\\20240916_183426\\Product_Page_Suites\\AddToCart\\20240916_183427\\1726486488333.png]]

2024-09-16 18:34:50 - [TEST_STEP][PASSED] - Video: Video recording for test case 'Test Cases/Login_Page/Positive_Case/Login' .

2024-09-16 18:34:50 - [MESSAGE][INFO] - Video recording for test case 'Test Cases/Login_Page/Positive_Case/Login' .]]></system-out>
         <system-err><![CDATA[]]></system-err>
      </testcase>
      <testcase name="Test Cases/Product_Page/Positive_Case/AddToCart_Products" time="14.389" classname="Test Cases/Product_Page/Positive_Case/AddToCart_Products" status="PASSED">
         <system-out><![CDATA[2024-09-16 18:34:50 - [TEST_CASE][PASSED] - Test Cases/Product_Page/Positive_Case/AddToCart_Products: Test Cases/Product_Page/Positive_Case/AddToCart_Products

2024-09-16 18:34:50 - [TEST_STEP][PASSED] - verifyElementVisible(findTestObject("Global_Header/Label_Title")): Object 'Object Repository/Global_Header/Label_Title' is visible

2024-09-16 18:34:51 - [MESSAGE][PASSED] - Object 'Object Repository/Global_Header/Label_Title' is visible

2024-09-16 18:34:51 - [TEST_STEP][PASSED] - verifyElementVisible(findTestObject("Global_Header/Button_Cart")): Object 'Object Repository/Global_Header/Button_Cart' is visible

2024-09-16 18:34:51 - [MESSAGE][PASSED] - Object 'Object Repository/Global_Header/Button_Cart' is visible

2024-09-16 18:34:51 - [TEST_STEP][PASSED] - verifyElementClickable(findTestObject("Global_Header/Button_Cart")): Object 'Object Repository/Global_Header/Button_Cart' is clickable

2024-09-16 18:34:51 - [MESSAGE][PASSED] - Object 'Object Repository/Global_Header/Button_Cart' is clickable

2024-09-16 18:34:51 - [TEST_STEP][PASSED] - verifyElementVisible(findTestObject("Global_Header/Button_BurgerMenu")): Object 'Object Repository/Global_Header/Button_BurgerMenu' is visible

2024-09-16 18:34:52 - [MESSAGE][PASSED] - Object 'Object Repository/Global_Header/Button_BurgerMenu' is visible

2024-09-16 18:34:52 - [TEST_STEP][PASSED] - verifyElementClickable(findTestObject("Global_Header/Button_BurgerMenu")): Object 'Object Repository/Global_Header/Button_BurgerMenu' is clickable

2024-09-16 18:34:52 - [MESSAGE][PASSED] - Object 'Object Repository/Global_Header/Button_BurgerMenu' is clickable

2024-09-16 18:34:52 - [TEST_STEP][PASSED] - packaged.verifyproduct.verifyProductName(): packaged.verifyproduct.verifyProductName is PASSED

2024-09-16 18:34:54 - [MESSAGE][PASSED] - Text of object 'Object Repository/Product_Page/Label_ProductsName' is: 'Sauce Labs Backpack'

2024-09-16 18:34:54 - [MESSAGE][PASSED] - Text of object 'Object Repository/Product_Page/Label_ProductsName' is: 'Sauce Labs Bike Light'

2024-09-16 18:34:54 - [MESSAGE][PASSED] - Text of object 'Object Repository/Product_Page/Label_ProductsName' is: 'Sauce Labs Bolt T-Shirt'

2024-09-16 18:34:55 - [MESSAGE][PASSED] - Text of object 'Object Repository/Product_Page/Label_ProductsName' is: 'Sauce Labs Fleece Jacket'

2024-09-16 18:34:55 - [MESSAGE][PASSED] - Text of object 'Object Repository/Product_Page/Label_ProductsName' is: 'Sauce Labs Onesie'

2024-09-16 18:34:55 - [MESSAGE][PASSED] - Text of object 'Object Repository/Product_Page/Label_ProductsName' is: 'Test.allTheThings() T-Shirt (Red)'

2024-09-16 18:34:55 - [MESSAGE][PASSED] - packaged.verifyproduct.verifyProductName is PASSED

2024-09-16 18:34:55 - [TEST_STEP][PASSED] - takeScreenshot(): Taking screenshot successfully

2024-09-16 18:34:56 - [MESSAGE][PASSED] - Taking screenshot successfully
[[ATTACHMENT|C:\\Users\\rasyid\\Katalon Studio\\SauceDemo\\Reports\\20240916_183426\\Product_Page_Suites\\AddToCart\\20240916_183427\\1726486496093.png]]

2024-09-16 18:34:56 - [TEST_STEP][PASSED] - verifyElementVisible(findTestObject("Product_Page/Button_AddToCart_Sauce Labs Backpack")): Object 'Object Repository/Product_Page/Button_AddToCart_Sauce Labs Backpack' is visible

2024-09-16 18:34:56 - [MESSAGE][PASSED] - Object 'Object Repository/Product_Page/Button_AddToCart_Sauce Labs Backpack' is visible

2024-09-16 18:34:56 - [TEST_STEP][PASSED] - verifyElementClickable(findTestObject("Product_Page/Button_AddToCart_Sauce Labs Backpack")): Object 'Object Repository/Product_Page/Button_AddToCart_Sauce Labs Backpack' is clickable

2024-09-16 18:34:56 - [MESSAGE][PASSED] - Object 'Object Repository/Product_Page/Button_AddToCart_Sauce Labs Backpack' is clickable

2024-09-16 18:34:56 - [TEST_STEP][PASSED] - click(findTestObject("Product_Page/Button_AddToCart_Sauce Labs Backpack")): Object: 'Object Repository/Product_Page/Button_AddToCart_Sauce Labs Backpack' is clicked on

2024-09-16 18:34:57 - [MESSAGE][PASSED] - Object: 'Object Repository/Product_Page/Button_AddToCart_Sauce Labs Backpack' is clicked on

2024-09-16 18:34:57 - [TEST_STEP][PASSED] - verifyElementVisible(findTestObject("Product_Page/Button_Remove_Sauce Labs Backpack")): Object 'Object Repository/Product_Page/Button_Remove_Sauce Labs Backpack' is visible

2024-09-16 18:34:57 - [MESSAGE][PASSED] - Object 'Object Repository/Product_Page/Button_Remove_Sauce Labs Backpack' is visible

2024-09-16 18:34:57 - [TEST_STEP][PASSED] - verifyElementClickable(findTestObject("Product_Page/Button_Remove_Sauce Labs Backpack")): Object 'Object Repository/Product_Page/Button_Remove_Sauce Labs Backpack' is clickable

2024-09-16 18:34:58 - [MESSAGE][PASSED] - Object 'Object Repository/Product_Page/Button_Remove_Sauce Labs Backpack' is clickable

2024-09-16 18:34:58 - [TEST_STEP][PASSED] - takeScreenshot(): Taking screenshot successfully

2024-09-16 18:34:58 - [MESSAGE][PASSED] - Taking screenshot successfully
[[ATTACHMENT|C:\\Users\\rasyid\\Katalon Studio\\SauceDemo\\Reports\\20240916_183426\\Product_Page_Suites\\AddToCart\\20240916_183427\\1726486498264.png]]

2024-09-16 18:34:58 - [TEST_STEP][PASSED] - verifyElementVisible(findTestObject("Product_Page/Button_AddToCart_Sauce Labs Bike Light")): Object 'Object Repository/Product_Page/Button_AddToCart_Sauce Labs Bike Light' is visible

2024-09-16 18:34:58 - [MESSAGE][PASSED] - Object 'Object Repository/Product_Page/Button_AddToCart_Sauce Labs Bike Light' is visible

2024-09-16 18:34:58 - [TEST_STEP][PASSED] - verifyElementClickable(findTestObject("Product_Page/Button_AddToCart_Sauce Labs Bike Light")): Object 'Object Repository/Product_Page/Button_AddToCart_Sauce Labs Bike Light' is clickable

2024-09-16 18:34:59 - [MESSAGE][PASSED] - Object 'Object Repository/Product_Page/Button_AddToCart_Sauce Labs Bike Light' is clickable

2024-09-16 18:34:59 - [TEST_STEP][PASSED] - click(findTestObject("Product_Page/Button_AddToCart_Sauce Labs Bike Light")): Object: 'Object Repository/Product_Page/Button_AddToCart_Sauce Labs Bike Light' is clicked on

2024-09-16 18:34:59 - [MESSAGE][PASSED] - Object: 'Object Repository/Product_Page/Button_AddToCart_Sauce Labs Bike Light' is clicked on

2024-09-16 18:34:59 - [TEST_STEP][PASSED] - verifyElementVisible(findTestObject("Product_Page/Button_Remove_Sauce Labs Bike Light")): Object 'Object Repository/Product_Page/Button_Remove_Sauce Labs Bike Light' is visible

2024-09-16 18:34:59 - [MESSAGE][PASSED] - Object 'Object Repository/Product_Page/Button_Remove_Sauce Labs Bike Light' is visible

2024-09-16 18:34:59 - [TEST_STEP][PASSED] - verifyElementClickable(findTestObject("Product_Page/Button_Remove_Sauce Labs Bike Light")): Object 'Object Repository/Product_Page/Button_Remove_Sauce Labs Bike Light' is clickable

2024-09-16 18:35:00 - [MESSAGE][PASSED] - Object 'Object Repository/Product_Page/Button_Remove_Sauce Labs Bike Light' is clickable

2024-09-16 18:35:00 - [TEST_STEP][PASSED] - takeScreenshot(): Taking screenshot successfully

2024-09-16 18:35:00 - [MESSAGE][PASSED] - Taking screenshot successfully
[[ATTACHMENT|C:\\Users\\rasyid\\Katalon Studio\\SauceDemo\\Reports\\20240916_183426\\Product_Page_Suites\\AddToCart\\20240916_183427\\1726486500500.png]]

2024-09-16 18:35:00 - [TEST_STEP][PASSED] - verifyElementVisible(findTestObject("Product_Page/Button_AddToCart_Sauce Labs Bolt T-Shirt")): Object 'Object Repository/Product_Page/Button_AddToCart_Sauce Labs Bolt T-Shirt' is visible

2024-09-16 18:35:00 - [MESSAGE][PASSED] - Object 'Object Repository/Product_Page/Button_AddToCart_Sauce Labs Bolt T-Shirt' is visible

2024-09-16 18:35:00 - [TEST_STEP][PASSED] - verifyElementClickable(findTestObject("Product_Page/Button_AddToCart_Sauce Labs Bolt T-Shirt")): Object 'Object Repository/Product_Page/Button_AddToCart_Sauce Labs Bolt T-Shirt' is clickable

2024-09-16 18:35:01 - [MESSAGE][PASSED] - Object 'Object Repository/Product_Page/Button_AddToCart_Sauce Labs Bolt T-Shirt' is clickable

2024-09-16 18:35:01 - [TEST_STEP][PASSED] - click(findTestObject("Product_Page/Button_AddToCart_Sauce Labs Bolt T-Shirt")): Object: 'Object Repository/Product_Page/Button_AddToCart_Sauce Labs Bolt T-Shirt' is clicked on

2024-09-16 18:35:01 - [MESSAGE][PASSED] - Object: 'Object Repository/Product_Page/Button_AddToCart_Sauce Labs Bolt T-Shirt' is clicked on

2024-09-16 18:35:01 - [TEST_STEP][PASSED] - verifyElementVisible(findTestObject("Product_Page/Button_Remove_Sauce Labs Bolt T-Shirt")): Object 'Object Repository/Product_Page/Button_Remove_Sauce Labs Bolt T-Shirt' is visible

2024-09-16 18:35:02 - [MESSAGE][PASSED] - Object 'Object Repository/Product_Page/Button_Remove_Sauce Labs Bolt T-Shirt' is visible

2024-09-16 18:35:02 - [TEST_STEP][PASSED] - verifyElementClickable(findTestObject("Product_Page/Button_Remove_Sauce Labs Bolt T-Shirt")): Object 'Object Repository/Product_Page/Button_Remove_Sauce Labs Bolt T-Shirt' is clickable

2024-09-16 18:35:02 - [MESSAGE][PASSED] - Object 'Object Repository/Product_Page/Button_Remove_Sauce Labs Bolt T-Shirt' is clickable

2024-09-16 18:35:02 - [TEST_STEP][PASSED] - takeScreenshot(): Taking screenshot successfully

2024-09-16 18:35:02 - [MESSAGE][PASSED] - Taking screenshot successfully
[[ATTACHMENT|C:\\Users\\rasyid\\Katalon Studio\\SauceDemo\\Reports\\20240916_183426\\Product_Page_Suites\\AddToCart\\20240916_183427\\1726486502726.png]]

2024-09-16 18:35:04 - [TEST_STEP][PASSED] - Video: Video recording for test case 'Test Cases/Product_Page/Positive_Case/AddToCart_Products' .

2024-09-16 18:35:04 - [MESSAGE][INFO] - Video recording for test case 'Test Cases/Product_Page/Positive_Case/AddToCart_Products' .]]></system-out>
         <system-err><![CDATA[]]></system-err>
      </testcase>
      <system-out><![CDATA[2024-09-16 18:34:36 - [TEST_SUITE][PASSED] - AddToCart: Test Cases/Product_Page/Positive_Case/AddToCart_Products]]></system-out>
      <system-err><![CDATA[]]></system-err>
   </testsuite>
</testsuites>
