<?xml version="1.0" encoding="UTF-8"?>
<testsuites name="Login" time="8.215" tests="1" failures="0" errors="0">
   <testsuite name="Login" tests="1" failures="0" errors="0" time="8.215" skipped="0" timestamp="2024-09-15 15:03:16" hostname="rasyid - DESKTOP-R622UHT" id="Test Suites/Login_Suites/Login">
      <properties>
         <property name="deviceName" value=""/>
         <property name="devicePlatform" value=""/>
         <property name="logFolder" value="C:\\Users\\rasyid\\Katalon Studio\\SauceDemo\\Reports\\20240915_150305\\Login_Suites\\Login\\20240915_150305"/>
         <property name="logFiles" value="C:\\Users\\rasyid\\Katalon Studio\\SauceDemo\\Reports\\20240915_150305\\Login_Suites\\Login\\20240915_150305\\execution0.log"/>
         <property name="attachments" value=""/>
         <property name="hostName" value="rasyid - DESKTOP-R622UHT"/>
         <property name="os" value="Windows 10 64bit"/>
         <property name="katalonVersion" value="8.6.9.208"/>
         <property name="browser" value="Chrome 128.0.0.0"/>
         <property name="hostAddress" value="26.103.121.102"/>
         <property name="sessionId" value="83d6911dbb818af4e3228512e2daeb72"/>
         <property name="seleniumVersion" value="3.141.59"/>
         <property name="proxyInformation" value="ProxyInformation { proxyOption=NO_PROXY, proxyServerType=HTTP, username=, password=********, proxyServerAddress=, proxyServerPort=0, executionList=&quot;&quot;, isApplyToDesiredCapabilities=true }"/>
         <property name="platform" value="Windows 10"/>
      </properties>
      <testcase name="Test Cases/Login_Page/Positive_Case/Login" time="7.926" classname="Test Cases/Login_Page/Positive_Case/Login" status="PASSED">
         <system-out><![CDATA[2024-09-15 15:03:16 - [TEST_CASE][PASSED] - Test Cases/Login_Page/Positive_Case/Login: Test Cases/Login_Page/Positive_Case/Login

2024-09-15 15:03:16 - [TEST_STEP][PASSED] - openBrowser(loginUrl): Browser is opened with url: 'https://www.saucedemo.com/'

2024-09-15 15:03:17 - [MESSAGE][INFO] - Starting 'Chrome' driver

2024-09-15 15:03:17 - [MESSAGE][INFO] - Action delay is set to 0 milliseconds

2024-09-15 15:03:20 - [MESSAGE][PASSED] - Browser is opened with url: 'https://www.saucedemo.com/'

2024-09-15 15:03:20 - [TEST_STEP][PASSED] - maximizeWindow(): Current window maximized

2024-09-15 15:03:20 - [MESSAGE][PASSED] - Current window maximized

2024-09-15 15:03:20 - [TEST_STEP][PASSED] - verifyElementVisible(findTestObject("Login_Page/Label_LoginTitle")): Object 'Object Repository/Login_Page/Label_LoginTitle' is visible

2024-09-15 15:03:21 - [MESSAGE][PASSED] - Object 'Object Repository/Login_Page/Label_LoginTitle' is visible

2024-09-15 15:03:21 - [TEST_STEP][PASSED] - verifyElementVisible(findTestObject("Login_Page/TextArea_Username")): Object 'Object Repository/Login_Page/TextArea_Username' is visible

2024-09-15 15:03:22 - [MESSAGE][PASSED] - Object 'Object Repository/Login_Page/TextArea_Username' is visible

2024-09-15 15:03:22 - [TEST_STEP][PASSED] - verifyElementVisible(findTestObject("Login_Page/TextArea_Password")): Object 'Object Repository/Login_Page/TextArea_Password' is visible

2024-09-15 15:03:22 - [MESSAGE][PASSED] - Object 'Object Repository/Login_Page/TextArea_Password' is visible

2024-09-15 15:03:22 - [TEST_STEP][PASSED] - verifyElementVisible(findTestObject("Login_Page/Button_Login")): Object 'Object Repository/Login_Page/Button_Login' is visible

2024-09-15 15:03:23 - [MESSAGE][PASSED] - Object 'Object Repository/Login_Page/Button_Login' is visible

2024-09-15 15:03:23 - [TEST_STEP][PASSED] - setText(findTestObject("Login_Page/TextArea_Username"), userName): Text 'standard_user' is set on object 'Object Repository/Login_Page/TextArea_Username'

2024-09-15 15:03:23 - [MESSAGE][PASSED] - Text 'standard_user' is set on object 'Object Repository/Login_Page/TextArea_Username'

2024-09-15 15:03:23 - [TEST_STEP][PASSED] - setText(findTestObject("Login_Page/TextArea_Username"), password): Text 'secret_sauce' is set on object 'Object Repository/Login_Page/TextArea_Username'

2024-09-15 15:03:24 - [MESSAGE][PASSED] - Text 'secret_sauce' is set on object 'Object Repository/Login_Page/TextArea_Username']]></system-out>
         <system-err><![CDATA[]]></system-err>
      </testcase>
      <system-out><![CDATA[2024-09-15 15:03:16 - [TEST_SUITE][PASSED] - Login: Test Cases/Login_Page/Positive_Case/Login]]></system-out>
      <system-err><![CDATA[]]></system-err>
   </testsuite>
</testsuites>
